<?xml version="1.0" encoding="UTF-8"?>
<!-- Generated by org.testng.reporters.JUnitReportReporter -->
<testsuite hostname="DESKTOP-K9L463E" failures="0" tests="3" name="TestRunner.Run" time="40.366" errors="0" timestamp="2024-05-20T17:51:14 IST" skipped="0">
  <testcase classname="TestRunner.Run" name="runScenario" time="12.939"/>
  <system-out/>
  <testcase classname="TestRunner.Run" name="runScenario" time="14.879"/>
  <system-out/>
  <testcase classname="TestRunner.Run" name="runScenario" time="12.548"/>
  <system-out/>
</testsuite> <!-- TestRunner.Run -->
